[GIN-debug] GET    /uploads/*filepath        --> github.com/gin-gonic/gin.(*RouterGroup).createStaticHandler.func1 (3 handlers)
[GIN-debug] HEAD   /uploads/*filepath        --> github.com/gin-gonic/gin.(*RouterGroup).createStaticHandler.func1 (3 handlers)
[GIN-debug] POST   /api/v1/login             --> rest/api.login (3 handlers)
[GIN-debug] POST   /api/v1/register          --> rest/api.register (3 handlers)
[GIN-debug] GET    /api/v1/product           --> rest/api.getProduct (4 handlers)
[GIN-debug] GET    /api/v1/product/:id       --> rest/api.getProductByID (4 handlers)
[GIN-debug] POST   /api/v1/product           --> rest/api.createProduct (4 handlers)
[GIN-debug] PUT    /api/v1/product           --> rest/api.editProduct (4 handlers)
[GIN-debug] Listening and serving HTTP on :8001
[GIN-debug] GET    /uploads/*filepath        --> github.com/gin-gonic/gin.(*RouterGroup).createStaticHandler.func1 (3 handlers)
[GIN-debug] HEAD   /uploads/*filepath        --> github.com/gin-gonic/gin.(*RouterGroup).createStaticHandler.func1 (3 handlers)
[GIN-debug] POST   /api/v1/login             --> rest/api.login (3 handlers)
[GIN-debug] POST   /api/v1/register          --> rest/api.register (3 handlers)
[GIN-debug] GET    /api/v1/product           --> rest/api.getProduct (4 handlers)
[GIN-debug] GET    /api/v1/product/:id       --> rest/api.getProductByID (4 handlers)
[GIN-debug] POST   /api/v1/product           --> rest/api.createProduct (4 handlers)
[GIN-debug] PUT    /api/v1/product           --> rest/api.editProduct (4 handlers)
[GIN-debug] Listening and serving HTTP on :8001
[GIN-debug] GET    /uploads/*filepath        --> github.com/gin-gonic/gin.(*RouterGroup).createStaticHandler.func1 (4 handlers)
[GIN-debug] HEAD   /uploads/*filepath        --> github.com/gin-gonic/gin.(*RouterGroup).createStaticHandler.func1 (4 handlers)
[GIN-debug] POST   /api/v1/login             --> rest/api.login (4 handlers)
[GIN-debug] POST   /api/v1/register          --> rest/api.register (4 handlers)
[GIN-debug] GET    /api/v1/product           --> rest/api.getProduct (5 handlers)
[GIN-debug] GET    /api/v1/product/:id       --> rest/api.getProductByID (5 handlers)
[GIN-debug] POST   /api/v1/product           --> rest/api.createProduct (5 handlers)
[GIN-debug] PUT    /api/v1/product           --> rest/api.editProduct (5 handlers)
[GIN-debug] Listening and serving HTTP on :8001
[GIN] 2020/11/08 - 14:10:52 | 404 |         126ns |             ::1 | GET      "/login"
[GIN] 2020/11/08 - 14:10:54 | 404 |         151ns |             ::1 | GET      "/login"
[GIN] 2020/11/08 - 14:10:54 | 404 |         151ns |             ::1 | GET      "/login"
[GIN] 2020/11/08 - 14:10:55 | 404 |         172ns |             ::1 | GET      "/login"
[GIN] 2020/11/08 - 14:10:55 | 404 |         150ns |             ::1 | GET      "/login"
[GIN] 2020/11/08 - 14:10:55 | 404 |         124ns |             ::1 | GET      "/login"
[GIN] 2020/11/08 - 14:10:56 | 404 |         148ns |             ::1 | GET      "/login"
[GIN] 2020/11/08 - 14:10:56 | 404 |         146ns |             ::1 | GET      "/login"
[GIN] 2020/11/08 - 14:10:58 | 404 |         132ns |             ::1 | GET      "/"
[GIN-debug] GET    /uploads/*filepath        --> github.com/gin-gonic/gin.(*RouterGroup).createStaticHandler.func1 (4 handlers)
[GIN-debug] HEAD   /uploads/*filepath        --> github.com/gin-gonic/gin.(*RouterGroup).createStaticHandler.func1 (4 handlers)
[GIN-debug] POST   /api/v1/login             --> rest/api.login (4 handlers)
[GIN-debug] POST   /api/v1/register          --> rest/api.register (4 handlers)
[GIN-debug] GET    /api/v1/product           --> rest/api.getProduct (5 handlers)
[GIN-debug] GET    /api/v1/product/:id       --> rest/api.getProductByID (5 handlers)
[GIN-debug] POST   /api/v1/product           --> rest/api.createProduct (5 handlers)
[GIN-debug] PUT    /api/v1/product           --> rest/api.editProduct (5 handlers)
[GIN-debug] Listening and serving HTTP on :8001
::1  "GET / HTTP/1.1 404 158ns "Mozilla/5.0 (Macintosh; Intel Mac OS X 10_15_7) AppleWebKit/537.36 (KHTML, like Gecko) Chrome/86.0.4240.183 Safari/537.36" "
::1  "GET / HTTP/1.1 404 156ns "Mozilla/5.0 (Macintosh; Intel Mac OS X 10_15_7) AppleWebKit/537.36 (KHTML, like Gecko) Chrome/86.0.4240.183 Safari/537.36" "
::1  "GET /login HTTP/1.1 404 135ns "Mozilla/5.0 (Macintosh; Intel Mac OS X 10_15_7) AppleWebKit/537.36 (KHTML, like Gecko) Chrome/86.0.4240.183 Safari/537.36" "
